2026-01-27 03:30:25.285 T:23117    info <general>: -----------------------------------------------------------------------
2026-01-27 03:30:25.285 T:23117    info <general>: Starting Kodi (21.3 (21.3.0) Git:20251031-a3a448d-dirty). Platform: Linux ARM 64-bit
2026-01-27 03:30:25.285 T:23117    info <general>: Using Release Kodi x64
2026-01-27 03:30:25.285 T:23117    info <general>: Kodi compiled 2026-01-24 by GCC 12.4.0 for Linux ARM 64-bit version 6.12.63 (396351)
2026-01-27 03:30:25.285 T:23117    info <general>: Running on G80CA V1.2 with Debian GNU/Linux 13 (trixie), kernel: Linux ARM 64-bit version 4.4.189
2026-01-27 03:30:25.466 T:23117    info <general>: FFmpeg version/source: 6.0.1-Kodi
2026-01-27 03:30:25.466 T:23117    info <general>: 4 CPU cores available
2026-01-27 03:30:25.466 T:23117    info <general>: ARM Features: Neon enabled
2026-01-27 03:30:25.466 T:23117    info <general>: special://xbmc/ is mapped to: /opt/kodi/share/kodi
2026-01-27 03:30:25.466 T:23117    info <general>: special://xbmcbin/ is mapped to: /opt/kodi/lib/kodi
2026-01-27 03:30:25.466 T:23117    info <general>: special://xbmcbinaddons/ is mapped to: /opt/kodi/lib/kodi/addons
2026-01-27 03:30:25.466 T:23117    info <general>: special://masterprofile/ is mapped to: /home/ark/.kodi/userdata
2026-01-27 03:30:25.466 T:23117    info <general>: special://envhome/ is mapped to: /home/ark
2026-01-27 03:30:25.466 T:23117    info <general>: special://home/ is mapped to: /home/ark/.kodi
2026-01-27 03:30:25.467 T:23117    info <general>: special://temp/ is mapped to: /home/ark/.kodi/temp
2026-01-27 03:30:25.467 T:23117    info <general>: special://logpath/ is mapped to: /home/ark/.kodi/temp
2026-01-27 03:30:25.467 T:23117    info <general>: Webserver extra whitelist paths: 
2026-01-27 03:30:25.467 T:23117    info <general>: The executable running is: /opt/kodi/lib/kodi/kodi-gbm
2026-01-27 03:30:25.467 T:23117    info <general>: Local hostname: rg351mp
2026-01-27 03:30:25.467 T:23117    info <general>: Log File is located: /home/ark/.kodi/temp/kodi.log
2026-01-27 03:30:25.467 T:23117    info <general>: -----------------------------------------------------------------------
2026-01-27 03:30:25.467 T:23117    info <general>: loading settings
2026-01-27 03:30:25.471 T:23117    info <general>: special://profile/ is mapped to: special://masterprofile/
2026-01-27 03:30:25.516 T:23117    info <general>: No settings file to load (special://xbmc/system/advancedsettings.xml)
2026-01-27 03:30:25.516 T:23117    info <general>: No settings file to load (special://masterprofile/advancedsettings.xml)
2026-01-27 03:30:25.516 T:23117    info <general>: Default Video Player: VideoPlayer
2026-01-27 03:30:25.516 T:23117    info <general>: Default Audio Player: paplayer
2026-01-27 03:30:25.516 T:23117    info <general>: Disabled debug logging due to GUI setting. Level 0.
2026-01-27 03:30:25.516 T:23117    info <general>: Log level changed to "info"
2026-01-27 03:30:25.516 T:23117    info <general>: CMediaSourceSettings: loading media sources from special://masterprofile/sources.xml
2026-01-27 03:30:25.520 T:23117    info <general>: New Cache GUI Settings (replacement of cache in advancedsettings.xml) are:
                                                     Buffer Mode: 4
                                                     Memory Size: 20 MB
                                                     Read Factor: 4.00 x 
                                                     Chunk Size : 131072 bytes
2026-01-27 03:30:25.520 T:23117    info <general>: creating subdirectories
2026-01-27 03:30:25.520 T:23117    info <general>: userdata folder: special://masterprofile/
2026-01-27 03:30:25.520 T:23117    info <general>: recording folder: 
2026-01-27 03:30:25.520 T:23117    info <general>: screenshots folder: 
2026-01-27 03:30:25.532 T:23117    info <general>: Running database version Addons33
2026-01-27 03:30:26.282 T:23134    info <general>: Loading special://xbmc/system/Lircmap.xml
2026-01-27 03:30:26.287 T:23134    info <general>: * Adding remote mapping for device 'mceusb'
2026-01-27 03:30:26.287 T:23134    info <general>: * Adding remote mapping for device 'XboxDVDDongle'
2026-01-27 03:30:26.287 T:23134    info <general>: * Adding remote mapping for device 'Microsoft_Xbox'
2026-01-27 03:30:26.287 T:23134    info <general>: * Adding remote mapping for device 'PinnacleSysPCTVRemote'
2026-01-27 03:30:26.288 T:23134    info <general>: * Adding remote mapping for device 'anysee'
2026-01-27 03:30:26.288 T:23134    info <general>: * Adding remote mapping for device 'iMON-PAD'
2026-01-27 03:30:26.288 T:23134    info <general>: * Adding remote mapping for device 'Antec_Veris_RM200'
2026-01-27 03:30:26.288 T:23134    info <general>: * Adding remote mapping for device 'MCE_via_iMON'
2026-01-27 03:30:26.288 T:23134    info <general>: * Adding remote mapping for device 'TwinHanRemote'
2026-01-27 03:30:26.288 T:23134    info <general>: * Adding remote mapping for device 'linux-input-layer'
2026-01-27 03:30:26.288 T:23134    info <general>: * Linking remote mapping for 'linux-input-layer' to 'cx23885_remote'
2026-01-27 03:30:26.289 T:23134    info <general>: * Adding remote mapping for device 'mediacenter'
2026-01-27 03:30:26.289 T:23134    info <general>: * Adding remote mapping for device 'devinput'
2026-01-27 03:30:26.289 T:23134    info <general>: * Adding remote mapping for device 'devinput-32'
2026-01-27 03:30:26.289 T:23134    info <general>: * Adding remote mapping for device 'devinput-64'
2026-01-27 03:30:26.366 T:23117    info <general>: CAddonMgr::FindAddons: audiodecoder.2sf v21.0.2 installed
2026-01-27 03:30:26.366 T:23117    info <general>: CAddonMgr::FindAddons: audiodecoder.asap v21.0.2 installed
2026-01-27 03:30:26.367 T:23117    info <general>: CAddonMgr::FindAddons: audiodecoder.dumb v21.0.2 installed
2026-01-27 03:30:26.367 T:23117    info <general>: CAddonMgr::FindAddons: audiodecoder.gme v21.0.2 installed
2026-01-27 03:30:26.368 T:23117    info <general>: CAddonMgr::FindAddons: audiodecoder.gsf v21.0.2 installed
2026-01-27 03:30:26.368 T:23117    info <general>: CAddonMgr::FindAddons: audiodecoder.hvl v21.0.2 installed
2026-01-27 03:30:26.368 T:23117    info <general>: CAddonMgr::FindAddons: audiodecoder.modplug v21.0.2 installed
2026-01-27 03:30:26.369 T:23117    info <general>: CAddonMgr::FindAddons: audiodecoder.ncsf v21.0.2 installed
2026-01-27 03:30:26.369 T:23117    info <general>: CAddonMgr::FindAddons: audiodecoder.nosefart v21.0.2 installed
2026-01-27 03:30:26.370 T:23117    info <general>: CAddonMgr::FindAddons: audiodecoder.organya v21.0.2 installed
2026-01-27 03:30:26.370 T:23117    info <general>: CAddonMgr::FindAddons: audiodecoder.qsf v21.0.2 installed
2026-01-27 03:30:26.371 T:23117    info <general>: CAddonMgr::FindAddons: audiodecoder.sacd v21.0.1 installed
2026-01-27 03:30:26.371 T:23117    info <general>: CAddonMgr::FindAddons: audiodecoder.sidplay v21.0.2 installed
2026-01-27 03:30:26.371 T:23117    info <general>: CAddonMgr::FindAddons: audiodecoder.snesapu v21.0.2 installed
2026-01-27 03:30:26.372 T:23117    info <general>: CAddonMgr::FindAddons: audiodecoder.ssf v21.0.2 installed
2026-01-27 03:30:26.372 T:23117    info <general>: CAddonMgr::FindAddons: audiodecoder.stsound v21.0.2 installed
2026-01-27 03:30:26.373 T:23117    info <general>: CAddonMgr::FindAddons: audiodecoder.timidity v21.0.2 installed
2026-01-27 03:30:26.373 T:23117    info <general>: CAddonMgr::FindAddons: audiodecoder.upse v21.0.2 installed
2026-01-27 03:30:26.373 T:23117    info <general>: CAddonMgr::FindAddons: audiodecoder.usf v21.0.2 installed
2026-01-27 03:30:26.374 T:23117    info <general>: CAddonMgr::FindAddons: audiodecoder.vgmstream v21.0.2 installed
2026-01-27 03:30:26.374 T:23117    info <general>: CAddonMgr::FindAddons: audiodecoder.wsr v21.0.2 installed
2026-01-27 03:30:26.375 T:23117    info <general>: CAddonMgr::FindAddons: audioencoder.flac v21.0.2 installed
2026-01-27 03:30:26.375 T:23117    info <general>: CAddonMgr::FindAddons: audioencoder.kodi.builtin.aac v1.0.2 installed
2026-01-27 03:30:26.375 T:23117    info <general>: CAddonMgr::FindAddons: audioencoder.kodi.builtin.wma v1.0.2 installed
2026-01-27 03:30:26.376 T:23117    info <general>: CAddonMgr::FindAddons: audioencoder.lame v21.0.2 installed
2026-01-27 03:30:26.376 T:23117    info <general>: CAddonMgr::FindAddons: audioencoder.vorbis v21.0.2 installed
2026-01-27 03:30:26.377 T:23117    info <general>: CAddonMgr::FindAddons: audioencoder.wav v21.0.2 installed
2026-01-27 03:30:26.377 T:23117    info <general>: CAddonMgr::FindAddons: game.controller.default v1.0.46 installed
2026-01-27 03:30:26.378 T:23117    info <general>: CAddonMgr::FindAddons: game.controller.keyboard v1.1.47 installed
2026-01-27 03:30:26.378 T:23117    info <general>: CAddonMgr::FindAddons: game.controller.mouse v1.0.30 installed
2026-01-27 03:30:26.379 T:23117    info <general>: CAddonMgr::FindAddons: game.controller.snes v1.0.46 installed
2026-01-27 03:30:26.379 T:23117    info <general>: CAddonMgr::FindAddons: inputstream.adaptive v21.5.18 installed
2026-01-27 03:30:26.379 T:23117    info <general>: CAddonMgr::FindAddons: inputstream.ffmpegdirect v21.3.8 installed
2026-01-27 03:30:26.380 T:23117    info <general>: CAddonMgr::FindAddons: inputstream.rtmp v21.1.2 installed
2026-01-27 03:30:26.380 T:23117    info <general>: CAddonMgr::FindAddons: kodi.binary.global.audioengine v1.1.1 installed
2026-01-27 03:30:26.381 T:23117    info <general>: CAddonMgr::FindAddons: kodi.binary.global.filesystem v1.1.9 installed
2026-01-27 03:30:26.381 T:23117    info <general>: CAddonMgr::FindAddons: kodi.binary.global.general v1.0.5 installed
2026-01-27 03:30:26.381 T:23117    info <general>: CAddonMgr::FindAddons: kodi.binary.global.gui v5.15.0 installed
2026-01-27 03:30:26.382 T:23117    info <general>: CAddonMgr::FindAddons: kodi.binary.global.main v2.0.2 installed
2026-01-27 03:30:26.382 T:23117    info <general>: CAddonMgr::FindAddons: kodi.binary.global.network v1.0.4 installed
2026-01-27 03:30:26.383 T:23117    info <general>: CAddonMgr::FindAddons: kodi.binary.global.tools v1.0.4 installed
2026-01-27 03:30:26.383 T:23117    info <general>: CAddonMgr::FindAddons: kodi.binary.instance.audiodecoder v4.0.0 installed
2026-01-27 03:30:26.384 T:23117    info <general>: CAddonMgr::FindAddons: kodi.binary.instance.audioencoder v3.0.0 installed
2026-01-27 03:30:26.384 T:23117    info <general>: CAddonMgr::FindAddons: kodi.binary.instance.game v3.0.2 installed
2026-01-27 03:30:26.384 T:23117    info <general>: CAddonMgr::FindAddons: kodi.binary.instance.imagedecoder v3.0.1 installed
2026-01-27 03:30:26.385 T:23117    info <general>: CAddonMgr::FindAddons: kodi.binary.instance.inputstream v3.3.0 installed
2026-01-27 03:30:26.385 T:23117    info <general>: CAddonMgr::FindAddons: kodi.binary.instance.peripheral v3.0.2 installed
2026-01-27 03:30:26.386 T:23117    info <general>: CAddonMgr::FindAddons: kodi.binary.instance.pvr v8.3.0 installed
2026-01-27 03:30:26.386 T:23117    info <general>: CAddonMgr::FindAddons: kodi.binary.instance.screensaver v2.2.0 installed
2026-01-27 03:30:26.386 T:23117    info <general>: CAddonMgr::FindAddons: kodi.binary.instance.vfs v3.0.1 installed
2026-01-27 03:30:26.387 T:23117    info <general>: CAddonMgr::FindAddons: kodi.binary.instance.videocodec v2.1.0 installed
2026-01-27 03:30:26.387 T:23117    info <general>: CAddonMgr::FindAddons: kodi.binary.instance.visualization v4.0.0 installed
2026-01-27 03:30:26.388 T:23117    info <general>: CAddonMgr::FindAddons: kodi.resource v1.0.0 installed
2026-01-27 03:30:26.388 T:23117    info <general>: CAddonMgr::FindAddons: metadata.album.universal v3.1.18 installed
2026-01-27 03:30:26.388 T:23117    info <general>: CAddonMgr::FindAddons: metadata.artists.universal v4.3.21 installed
2026-01-27 03:30:26.389 T:23117    info <general>: CAddonMgr::FindAddons: metadata.common.allmusic.com v3.2.2 installed
2026-01-27 03:30:26.389 T:23117    info <general>: CAddonMgr::FindAddons: metadata.common.fanart.tv v3.6.5 installed
2026-01-27 03:30:26.390 T:23117    info <general>: CAddonMgr::FindAddons: metadata.common.musicbrainz.org v2.2.4 installed
2026-01-27 03:30:26.390 T:23117    info <general>: CAddonMgr::FindAddons: metadata.common.theaudiodb.com v2.0.3 installed
2026-01-27 03:30:26.391 T:23117    info <general>: CAddonMgr::FindAddons: metadata.generic.albums v1.0.18 installed
2026-01-27 03:30:26.391 T:23117    info <general>: CAddonMgr::FindAddons: metadata.generic.artists v1.0.18 installed
2026-01-27 03:30:26.392 T:23117    info <general>: CAddonMgr::FindAddons: metadata.local v1.0.1 installed
2026-01-27 03:30:26.392 T:23117    info <general>: CAddonMgr::FindAddons: metadata.themoviedb.org.python v3.1.3 installed
2026-01-27 03:30:26.392 T:23117    info <general>: CAddonMgr::FindAddons: metadata.tvshows.themoviedb.org.python v1.7.4 installed
2026-01-27 03:30:26.393 T:23117    info <general>: CAddonMgr::FindAddons: peripheral.joystick v21.1.23 installed
2026-01-27 03:30:26.394 T:23117    info <general>: CAddonMgr::FindAddons: peripheral.xarcade v21.0.2 installed
2026-01-27 03:30:26.394 T:23117    info <general>: CAddonMgr::FindAddons: pvr.argustv v21.1.1 installed
2026-01-27 03:30:26.395 T:23117    info <general>: CAddonMgr::FindAddons: pvr.demo v21.0.3 installed
2026-01-27 03:30:26.395 T:23117    info <general>: CAddonMgr::FindAddons: pvr.dvblink v21.1.3 installed
2026-01-27 03:30:26.395 T:23117    info <general>: CAddonMgr::FindAddons: pvr.dvbviewer v21.1.3 installed
2026-01-27 03:30:26.396 T:23117    info <general>: CAddonMgr::FindAddons: pvr.filmon v21.0.3 installed
2026-01-27 03:30:26.396 T:23117    info <general>: CAddonMgr::FindAddons: pvr.freebox v21.0.0 installed
2026-01-27 03:30:26.396 T:23117    info <general>: CAddonMgr::FindAddons: pvr.hdhomerun v21.0.4 installed
2026-01-27 03:30:26.397 T:23117    info <general>: CAddonMgr::FindAddons: pvr.hts v21.2.6 installed
2026-01-27 03:30:26.397 T:23117    info <general>: CAddonMgr::FindAddons: pvr.iptvsimple v21.11.0 installed
2026-01-27 03:30:26.398 T:23117    info <general>: CAddonMgr::FindAddons: pvr.mediaportal.tvserver v21.0.5 installed
2026-01-27 03:30:26.398 T:23117    info <general>: CAddonMgr::FindAddons: pvr.mythtv v21.2.12 installed
2026-01-27 03:30:26.399 T:23117    info <general>: CAddonMgr::FindAddons: pvr.nextpvr v21.3.2 installed
2026-01-27 03:30:26.399 T:23117    info <general>: CAddonMgr::FindAddons: pvr.njoy v21.0.2 installed
2026-01-27 03:30:26.399 T:23117    info <general>: CAddonMgr::FindAddons: pvr.octonet v21.0.2 installed
2026-01-27 03:30:26.400 T:23117    info <general>: CAddonMgr::FindAddons: pvr.pctv v21.0.2 installed
2026-01-27 03:30:26.400 T:23117    info <general>: CAddonMgr::FindAddons: pvr.plutotv v21.3.3 installed
2026-01-27 03:30:26.400 T:23117    info <general>: CAddonMgr::FindAddons: pvr.sledovanitv.cz v21.6.1 installed
2026-01-27 03:30:26.401 T:23117    info <general>: CAddonMgr::FindAddons: pvr.stalker v21.1.3 installed
2026-01-27 03:30:26.401 T:23117    info <general>: CAddonMgr::FindAddons: pvr.teleboy v21.0.1 installed
2026-01-27 03:30:26.402 T:23117    info <general>: CAddonMgr::FindAddons: pvr.vbox v21.1.5 installed
2026-01-27 03:30:26.402 T:23117    info <general>: CAddonMgr::FindAddons: pvr.vdr.vnsi v21.1.3 installed
2026-01-27 03:30:26.403 T:23117    info <general>: CAddonMgr::FindAddons: pvr.vuplus v21.3.2 installed
2026-01-27 03:30:26.403 T:23117    info <general>: CAddonMgr::FindAddons: pvr.waipu v21.12.6 installed
2026-01-27 03:30:26.404 T:23117    info <general>: CAddonMgr::FindAddons: pvr.wmc v21.0.3 installed
2026-01-27 03:30:26.404 T:23117    info <general>: CAddonMgr::FindAddons: pvr.zattoo v21.0.4 installed
2026-01-27 03:30:26.404 T:23117    info <general>: CAddonMgr::FindAddons: repository.xbmc.org v3.4.0 installed
2026-01-27 03:30:26.405 T:23117    info <general>: CAddonMgr::FindAddons: resource.images.weathericons.default v1.1.9 installed
2026-01-27 03:30:26.405 T:23117    info <general>: CAddonMgr::FindAddons: resource.language.en_gb v2.0.2 installed
2026-01-27 03:30:26.406 T:23117    info <general>: CAddonMgr::FindAddons: resource.uisounds.kodi v1.0.1 installed
2026-01-27 03:30:26.406 T:23117    info <general>: CAddonMgr::FindAddons: screensaver.xbmc.builtin.black v1.0.34 installed
2026-01-27 03:30:26.406 T:23117    info <general>: CAddonMgr::FindAddons: screensaver.xbmc.builtin.dim v1.0.66 installed
2026-01-27 03:30:26.407 T:23117    info <general>: CAddonMgr::FindAddons: script.module.pil v5.1.0 installed
2026-01-27 03:30:26.407 T:23117    info <general>: CAddonMgr::FindAddons: script.module.pycryptodome v3.4.3 installed
2026-01-27 03:30:26.408 T:23117    info <general>: CAddonMgr::FindAddons: service.xbmc.versioncheck v0.5.30+matrix.1 installed
2026-01-27 03:30:26.408 T:23117    info <general>: CAddonMgr::FindAddons: skin.estuary v4.0.0 installed
2026-01-27 03:30:26.408 T:23117    info <general>: CAddonMgr::FindAddons: vfs.libarchive v21.0.2 installed
2026-01-27 03:30:26.409 T:23117    info <general>: CAddonMgr::FindAddons: vfs.rar v21.0.2 installed
2026-01-27 03:30:26.409 T:23117    info <general>: CAddonMgr::FindAddons: vfs.sftp v21.0.2 installed
2026-01-27 03:30:26.410 T:23117    info <general>: CAddonMgr::FindAddons: visualization.fishbmc v21.0.2 installed
2026-01-27 03:30:26.410 T:23117    info <general>: CAddonMgr::FindAddons: visualization.goom v21.0.2 installed
2026-01-27 03:30:26.411 T:23117    info <general>: CAddonMgr::FindAddons: visualization.matrix v21.0.2 installed
2026-01-27 03:30:26.411 T:23117    info <general>: CAddonMgr::FindAddons: visualization.pictureit v21.0.2 installed
2026-01-27 03:30:26.411 T:23117    info <general>: CAddonMgr::FindAddons: visualization.projectm v21.0.3 installed
2026-01-27 03:30:26.412 T:23117    info <general>: CAddonMgr::FindAddons: visualization.shadertoy v21.0.2 installed
2026-01-27 03:30:26.412 T:23117    info <general>: CAddonMgr::FindAddons: visualization.spectrum v21.0.2 installed
2026-01-27 03:30:26.413 T:23117    info <general>: CAddonMgr::FindAddons: visualization.starburst v21.0.2 installed
2026-01-27 03:30:26.413 T:23117    info <general>: CAddonMgr::FindAddons: visualization.waveform v21.0.2 installed
2026-01-27 03:30:26.414 T:23117    info <general>: CAddonMgr::FindAddons: webinterface.default v21.x-1.0.1 installed
2026-01-27 03:30:26.414 T:23117    info <general>: CAddonMgr::FindAddons: xbmc.addon v21.3.0 installed
2026-01-27 03:30:26.415 T:23117    info <general>: CAddonMgr::FindAddons: xbmc.core v0.1.0 installed
2026-01-27 03:30:26.415 T:23117    info <general>: CAddonMgr::FindAddons: xbmc.gui v5.17.0 installed
2026-01-27 03:30:26.415 T:23117    info <general>: CAddonMgr::FindAddons: xbmc.json v13.5.0 installed
2026-01-27 03:30:26.416 T:23117    info <general>: CAddonMgr::FindAddons: xbmc.metadata v2.1.0 installed
2026-01-27 03:30:26.416 T:23117    info <general>: CAddonMgr::FindAddons: xbmc.python v3.0.1 installed
2026-01-27 03:30:26.417 T:23117    info <general>: CAddonMgr::FindAddons: xbmc.webinterface v1.0.0 installed
2026-01-27 03:30:26.752 T:23117    info <general>: CZeroconfBrowserAvahi::clientCallback: avahi server not available. But may become later...
2026-01-27 03:30:26.761 T:23117    info <general>: Selected Logind/UPower as PowerSyscall
2026-01-27 03:30:26.762 T:23117   error <general>: DBus error: org.freedesktop.DBus.Error.ServiceUnknown - The name org.freedesktop.UPower was not provided by any .service files
2026-01-27 03:30:26.763 T:23117    info <general>: LogindUPowerSyscall - UPower not found, battery information will not be available
2026-01-27 03:30:27.693 T:23117    info <general>: CKeyboardLayoutManager: loading keyboard layouts from special://xbmc/system/keyboardlayouts...
2026-01-27 03:30:28.030 T:23117    info <general>: RetroPlayer[RENDER]: Registering renderer factory for DMA
2026-01-27 03:30:28.030 T:23117    info <general>: RetroPlayer[RENDER]: Registering renderer factory for OpenGLES
2026-01-27 03:30:28.032 T:23117    info <general>: CDRMUtils::FindConnector - using connector: DSI-1
2026-01-27 03:30:28.034 T:23117    info <general>: Skipped 1 duplicate messages..
2026-01-27 03:30:28.034 T:23117    info <general>: CDRMUtils::FindEncoder - using encoder: 65
2026-01-27 03:30:28.034 T:23117    info <general>: CDRMUtils::FindPlanes - using crtc: 60
2026-01-27 03:30:28.035 T:23117    info <general>: Found resolution 640x480 with 640x480 @ 60.000000 Hz
2026-01-27 03:30:28.038 T:23117    info <general>: EGL_VERSION = 1.4 Bifrost-"r13p0-01rel0"
2026-01-27 03:30:28.038 T:23117    info <general>: EGL_VENDOR = ARM
2026-01-27 03:30:28.038 T:23117    info <general>: EGL_EXTENSIONS = EGL_KHR_partial_update EGL_EXT_image_dma_buf_import EGL_KHR_config_attribs EGL_KHR_image EGL_KHR_image_base EGL_KHR_fence_sync EGL_KHR_wait_sync EGL_KHR_gl_colorspace EGL_KHR_get_all_proc_addresses EGL_IMG_context_priority EGL_KHR_no_config_context EGL_EXT_pixel_format_float EGL_ARM_pixmap_multisample_discard EGL_ARM_implicit_external_sync EGL_KHR_gl_texture_2D_image EGL_KHR_gl_renderbuffer_image EGL_KHR_create_context EGL_KHR_surfaceless_context EGL_KHR_gl_texture_cubemap_image EGL_EXT_create_context_robustness
2026-01-27 03:30:28.038 T:23117    info <general>: EGL_CLIENT_EXTENSIONS = EGL_EXT_client_extensions EGL_EXT_platform_base EGL_KHR_client_get_all_proc_addresses EGL_KHR_platform_gbm
2026-01-27 03:30:28.043 T:23117 warning <general>: [GBM] missing support for EGL_KHR_fence_sync and EGL_ANDROID_native_fence_sync - performance may be impacted
2026-01-27 03:30:28.046 T:23117    info <general>: CDVDVideoCodecDRMPRIME: FFMPEG has no libdrm support
2026-01-27 03:30:28.046 T:23117    info <general>: CApplication::CreateGUI - using the gbm windowing system
2026-01-27 03:30:28.046 T:23117    info <general>: Checking resolution 16
2026-01-27 03:30:28.047 T:23117    info <general>: GL_VENDOR = ARM
2026-01-27 03:30:28.047 T:23117    info <general>: GL_RENDERER = Mali-G31
2026-01-27 03:30:28.047 T:23117    info <general>: GL_VERSION = OpenGL ES 3.2 v1.r13p0-01rel0.8747d14aec16ec21ac2b2da252c4ec5f
2026-01-27 03:30:28.047 T:23117    info <general>: GL_SHADING_LANGUAGE_VERSION = OpenGL ES GLSL ES 3.20
2026-01-27 03:30:28.047 T:23117    info <general>: GL_EXTENSIONS = GL_ARM_rgba8 GL_ARM_mali_shader_binary GL_OES_depth24 GL_OES_depth_texture GL_OES_depth_texture_cube_map GL_OES_packed_depth_stencil GL_OES_rgb8_rgba8 GL_EXT_read_format_bgra GL_OES_compressed_paletted_texture GL_OES_compressed_ETC1_RGB8_texture GL_OES_standard_derivatives GL_OES_EGL_image GL_OES_EGL_image_external GL_OES_EGL_image_external_essl3 GL_OES_EGL_sync GL_OES_texture_npot GL_OES_vertex_half_float GL_OES_required_internalformat GL_OES_vertex_array_object GL_OES_mapbuffer GL_EXT_texture_format_BGRA8888 GL_EXT_texture_rg GL_EXT_texture_type_2_10_10_10_REV GL_OES_fbo_render_mipmap GL_OES_element_index_uint GL_EXT_shadow_samplers GL_OES_texture_compression_astc GL_KHR_texture_compression_astc_ldr GL_KHR_texture_compression_astc_hdr GL_KHR_texture_compression_astc_sliced_3d GL_EXT_texture_compression_astc_decode_mode GL_EXT_texture_compression_astc_decode_mode_rgb9e5 GL_KHR_debug GL_EXT_occlusion_query_boolean GL_EXT_disjoint_timer_query GL_EXT_blend_minmax GL_EXT_discard_framebuffer GL_OES_get_program_binary GL_OES_texture_3D GL_EXT_texture_storage GL_EXT_multisampled_render_to_texture GL_OES_surfaceless_context GL_OES_texture_stencil8 GL_EXT_shader_pixel_local_storage GL_ARM_shader_framebuffer_fetch GL_ARM_shader_framebuffer_fetch_depth_stencil GL_ARM_mali_program_binary GL_EXT_sRGB GL_EXT_sRGB_write_control GL_EXT_texture_sRGB_decode GL_EXT_texture_sRGB_R8 GL_EXT_texture_sRGB_RG8 GL_KHR_blend_equation_advanced GL_KHR_blend_equation_advanced_coherent GL_OES_texture_storage_multisample_2d_array GL_OES_shader_image_atomic GL_EXT_robustness GL_EXT_draw_buffers_indexed GL_OES_draw_buffers_indexed GL_EXT_texture_border_clamp GL_OES_texture_border_clamp GL_EXT_texture_cube_map_array GL_OES_texture_cube_map_array GL_OES_sample_variables GL_OES_sample_shading GL_OES_shader_multisample_interpolation GL_EXT_shader_io_blocks GL_OES_shader_io_blocks GL_EXT_tessellation_shader GL_OES_tessellation_shader GL_EXT_primitive_bounding_box GL_OES_primitive_bounding_box GL_EXT_geometry_shader GL_OES_geometry_shader GL_ANDROID_extension_pack_es31a GL_EXT_gpu_shader5 GL_OES_gpu_shader5 GL_EXT_texture_buffer GL_OES_texture_buffer GL_EXT_copy_image GL_OES_copy_image GL_EXT_shader_non_constant_global_initializers GL_EXT_color_buffer_half_float GL_EXT_color_buffer_float GL_EXT_YUV_target GL_OVR_multiview GL_OVR_multiview2 GL_OVR_multiview_multisampled_render_to_texture GL_KHR_robustness GL_KHR_robust_buffer_access_behavior GL_EXT_draw_elements_base_vertex GL_OES_draw_elements_base_vertex GL_EXT_buffer_storage 
2026-01-27 03:30:28.933 T:23117    info <general>: GLES: Maximum texture width: 8192
2026-01-27 03:30:29.503 T:23117    info <general>: load keymapping
2026-01-27 03:30:29.510 T:23117    info <general>: Loading special://xbmc/system/keymaps/appcommand.xml
2026-01-27 03:30:29.511 T:23117    info <general>: Loading special://xbmc/system/keymaps/customcontroller.AppleRemote.xml
2026-01-27 03:30:29.514 T:23117    info <general>: Loading special://xbmc/system/keymaps/customcontroller.Harmony.xml
2026-01-27 03:30:29.519 T:23117    info <general>: Loading special://xbmc/system/keymaps/customcontroller.SiriRemote.xml
2026-01-27 03:30:29.521 T:23117    info <general>: Loading special://xbmc/system/keymaps/gamepad.xml
2026-01-27 03:30:29.526 T:23117    info <general>: Loading special://xbmc/system/keymaps/joystick.xml
2026-01-27 03:30:29.530 T:23117    info <general>: Loading special://xbmc/system/keymaps/keyboard.xml
2026-01-27 03:30:29.540 T:23117    info <general>: Loading special://xbmc/system/keymaps/mouse.xml
2026-01-27 03:30:29.541 T:23117    info <general>: Loading special://xbmc/system/keymaps/remote.xml
2026-01-27 03:30:29.547 T:23117    info <general>: Loading special://xbmc/system/keymaps/touchscreen.xml
2026-01-27 03:30:29.551 T:23117    info <general>: GUI format 640x480, Display 640x480 @ 60.000000 Hz
2026-01-27 03:30:29.566 T:23201    info <general>: CAESinkALSA - Unable to open device "surround71" for playback
2026-01-27 03:30:29.594 T:23201    info <general>: Found 1 Lists of Devices
2026-01-27 03:30:29.594 T:23201    info <general>: Enumerated ALSA devices:
2026-01-27 03:30:29.594 T:23201    info <general>:     Device 1
2026-01-27 03:30:29.594 T:23201    info <general>:         m_deviceName      : @
2026-01-27 03:30:29.594 T:23201    info <general>:         m_displayName     : Default (rockchip,rk817-codec Analog) ()
2026-01-27 03:30:29.594 T:23201    info <general>:         m_displayNameExtra: 
2026-01-27 03:30:29.594 T:23201    info <general>:         m_deviceType      : AE_DEVTYPE_PCM
2026-01-27 03:30:29.594 T:23201    info <general>:         m_channels        : FL, FR, BL, BR, FC, LFE, SL, SR
2026-01-27 03:30:29.594 T:23201    info <general>:         m_sampleRates     : 8000,16000,32000,44100,48000,96000
2026-01-27 03:30:29.594 T:23201    info <general>:         m_dataFormats     : AE_FMT_S24NE4,AE_FMT_S32NE,AE_FMT_S16NE,AE_FMT_S16LE
2026-01-27 03:30:29.595 T:23201    info <general>:         m_streamTypes     : No passthrough capabilities
2026-01-27 03:30:29.595 T:23201    info <general>:     Device 2
2026-01-27 03:30:29.595 T:23201    info <general>:         m_deviceName      : dmixer
2026-01-27 03:30:29.595 T:23201    info <general>:         m_displayName     : rockchip,rk817-codec ()
2026-01-27 03:30:29.595 T:23201    info <general>:         m_displayNameExtra: Analog
2026-01-27 03:30:29.595 T:23201    info <general>:         m_deviceType      : AE_DEVTYPE_PCM
2026-01-27 03:30:29.595 T:23201    info <general>:         m_channels        : FL, FR
2026-01-27 03:30:29.595 T:23201    info <general>:         m_sampleRates     : 44100
2026-01-27 03:30:29.595 T:23201    info <general>:         m_dataFormats     : AE_FMT_S16NE,AE_FMT_S16LE
2026-01-27 03:30:29.595 T:23201    info <general>:         m_streamTypes     : No passthrough capabilities
2026-01-27 03:30:29.595 T:23201    info <general>:     Device 3
2026-01-27 03:30:29.595 T:23201    info <general>:         m_deviceName      : sysdefault:CARD=rockchiprk817co
2026-01-27 03:30:29.595 T:23201    info <general>:         m_displayName     : rockchip,rk817-codec (rockchiprk817co)
2026-01-27 03:30:29.595 T:23201    info <general>:         m_displayNameExtra: Analog
2026-01-27 03:30:29.595 T:23201    info <general>:         m_deviceType      : AE_DEVTYPE_PCM
2026-01-27 03:30:29.595 T:23201    info <general>:         m_channels        : FL, FR, BL, BR, FC, LFE, SL, SR
2026-01-27 03:30:29.595 T:23201    info <general>:         m_sampleRates     : 8000,16000,32000,44100,48000,96000
2026-01-27 03:30:29.595 T:23201    info <general>:         m_dataFormats     : AE_FMT_S24NE4,AE_FMT_S32NE,AE_FMT_S16NE,AE_FMT_S16LE
2026-01-27 03:30:29.595 T:23201    info <general>:         m_streamTypes     : No passthrough capabilities
2026-01-27 03:30:29.595 T:23201 warning <general>: ValidateOutputDevices: audio output device setting has been updated from 'Default' to 'ALSA:sysdefault:CARD=rockchiprk817co|rockchip,rk817-codec (rockchiprk817co)'
2026-01-27 03:30:29.595 T:23202    info <general>: CActiveAESink::OpenSink - initialize sink
2026-01-27 03:30:29.596 T:23202    info <general>: CAESinkALSA::Initialize - Attempting to open device "sysdefault:CARD=rockchiprk817co"
2026-01-27 03:30:29.601 T:23202    info <general>: CAESinkALSA::Initialize - Opened device "sysdefault:CARD=rockchiprk817co"
2026-01-27 03:30:29.602 T:23202    info <general>: CAESinkALSA::InitializeHW - Your hardware does not support AE_FMT_FLOAT, trying other formats
2026-01-27 03:30:29.602 T:23202    info <general>: CAESinkALSA::InitializeHW - Using data format AE_FMT_S24NE4
2026-01-27 03:30:29.607 T:23117    info <general>: CLangInfo: loading resource.language.en_gb language information...
2026-01-27 03:30:29.611 T:23117    info <general>: global locale set to en_US.UTF-8
2026-01-27 03:30:29.612 T:23117    info <general>: CLangInfo: loading resource.language.en_gb language strings...
2026-01-27 03:30:29.964 T:23207    info <general>: Running database version Addons33
2026-01-27 03:30:29.968 T:23207    info <general>: Running database version ViewModes6
2026-01-27 03:30:29.971 T:23207    info <general>: Running database version Textures13
2026-01-27 03:30:29.985 T:23207    info <general>: Running database version MyMusic83
2026-01-27 03:30:30.006 T:23207    info <general>: Running database version MyVideos131
2026-01-27 03:30:30.014 T:23207    info <general>: Running database version TV46
2026-01-27 03:30:30.019 T:23207    info <general>: Running database version Epg16
2026-01-27 03:30:30.121 T:23117    info <general>: Unloaded skin
2026-01-27 03:30:30.124 T:23117    info <general>:   load skin from: /opt/kodi/share/kodi/addons/skin.estuary/ (version: 4.0.0)
2026-01-27 03:30:30.124 T:23117    info <general>:   load fonts for skin...
2026-01-27 03:30:30.129 T:23117    info <general>: Loading skin includes from /opt/kodi/share/kodi/addons/skin.estuary/xml/Includes.xml
2026-01-27 03:30:30.330 T:23117    info <general>: LoadFontsFromFile: Loading <fontset> with name 'Default' from '/opt/kodi/share/kodi/addons/skin.estuary/xml/Font.xml'
2026-01-27 03:30:30.397 T:23117    info <general>: LoadTimers: Trying to load skin timers from /opt/kodi/share/kodi/addons/skin.estuary/xml/Timers.xml
2026-01-27 03:30:30.398 T:23117    info <general>:   load new skin...
2026-01-27 03:30:30.399 T:23117    info <general>: Loading custom window XMLs from skin path /opt/kodi/share/kodi/addons/skin.estuary/xml
2026-01-27 03:30:30.428 T:23117    info <general>:   initialize new skin...
2026-01-27 03:30:30.428 T:23117    info <general>: Loading skin file: Custom_1109_TopBarOverlay.xml, load type: LOAD_ON_GUI_INIT
2026-01-27 03:30:30.492 T:23117    info <general>: Loading skin file: DialogBusy.xml, load type: LOAD_ON_GUI_INIT
2026-01-27 03:30:30.495 T:23117    info <general>: Loading skin file: DialogNotification.xml, load type: LOAD_ON_GUI_INIT
2026-01-27 03:30:30.498 T:23117    info <general>: Loading skin file: DialogSeekBar.xml, load type: LOAD_ON_GUI_INIT
2026-01-27 03:30:30.537 T:23117    info <general>: Loading skin file: DialogExtendedProgressBar.xml, load type: LOAD_ON_GUI_INIT
2026-01-27 03:30:30.543 T:23117    info <general>: Loading skin file: Pointer.xml, load type: LOAD_ON_GUI_INIT
2026-01-27 03:30:30.545 T:23117    info <general>: Loading skin file: DialogBusy.xml, load type: LOAD_ON_GUI_INIT
2026-01-27 03:30:30.548 T:23117    info <general>: Loading skin file: DialogVolumeBar.xml, load type: LOAD_ON_GUI_INIT
2026-01-27 03:30:30.551 T:23117    info <general>: Loading resource://resource.uisounds.kodi/sounds.xml
2026-01-27 03:30:30.652 T:23117    info <general>:   skin loaded...
2026-01-27 03:30:30.652 T:23117    info <general>: Loading skin file: Startup.xml, load type: LOAD_EVERY_TIME
2026-01-27 03:30:30.653 T:23117    info <general>: Loading skin file: Home.xml, load type: KEEP_IN_MEMORY
2026-01-27 03:30:30.946 T:23117 warning <general>: JSONRPC: Could not parse type "Setting.Details.SettingList"
2026-01-27 03:30:30.946 T:23117    info <general>: JSONRPC: Adding type "Setting.Details.SettingList" to list of incomplete definitions (waiting for "Setting.Details.Setting")
2026-01-27 03:30:30.947 T:23117    info <general>: JSONRPC: Resolving incomplete types/methods referencing Setting.Details.Setting
2026-01-27 03:30:30.995 T:23117    info <general>: JSONRPC v13.5.0: Successfully initialized
2026-01-27 03:30:30.995 T:23117    info <general>: [Media Detection] starting service for optical media detection
2026-01-27 03:30:31.084 T:23117    info <general>: AddOnLog: peripheral.joystick: Enabling joystick interface "linux"
2026-01-27 03:30:31.098 T:23117    info <general>: Register - new keyboard device registered on application->keyboard: Keyboard (0000:0000)
2026-01-27 03:30:31.099 T:23117    info <general>: Register - new mouse device registered on application->mouse: Mouse (0000:0000)
2026-01-27 03:30:31.102 T:23117    info <general>: Loading player core factory settings from special://xbmc/system/playercorefactory.xml.
2026-01-27 03:30:31.103 T:23117    info <general>: Loaded playercorefactory configuration
2026-01-27 03:30:31.103 T:23117    info <general>: Loading player core factory settings from special://masterprofile/playercorefactory.xml.
2026-01-27 03:30:31.103 T:23117    info <general>: special://masterprofile/playercorefactory.xml does not exist. Skipping.
2026-01-27 03:30:31.104 T:23117    info <general>: removing tempfiles
2026-01-27 03:30:31.106 T:23220    info <general>: AddOnLog: peripheral.joystick: Initialized joystick 0: "GO-Super Gamepad", axes: 4, hats: 0, buttons: 17
2026-01-27 03:30:31.133 T:23117    info <general>: initialize done
2026-01-27 03:30:31.133 T:23117    info <general>: Running the application...
2026-01-27 03:30:31.145 T:23117    info <general>: CZeroconfAvahi::clientCallback: avahi server not available. But may become later...
2026-01-27 03:30:31.148 T:23117    info <general>: starting zeroconf publishing
2026-01-27 03:30:31.155 T:23227    info <general>: ES: Starting UDP Event server on port 9777
2026-01-27 03:30:31.157 T:23117    info <general>: JSONRPC Server: Successfully initialized
2026-01-27 03:30:31.158 T:23227    info <general>: UDP: Listening on port 9777 (ipv6 : false)
2026-01-27 03:30:31.171 T:23117    info <general>: CWSDiscoveryListenerUDP::Start - Started
2026-01-27 03:30:31.221 T:23220    info <general>: Loading controller layout: /opt/kodi/share/kodi/addons/game.controller.default/resources/layout.xml
2026-01-27 03:30:31.301 T:23220    info <general>: Loading controller layout: /opt/kodi/share/kodi/addons/game.controller.mouse/resources/layout.xml
2026-01-27 03:30:31.820 T:23220    info <general>: Register - new joystick device registered on addon->peripheral.joystick/0: GO-Super Gamepad
2026-01-27 03:30:38.022 T:23117    info <general>: Loading skin file: DialogButtonMenu.xml, load type: KEEP_IN_MEMORY
2026-01-27 03:30:39.653 T:23117    info <general>: Stopping the application...
2026-01-27 03:30:39.654 T:23117    info <general>: Stopping player
2026-01-27 03:30:39.654 T:23117    info <general>: Storing total System Uptime
2026-01-27 03:30:39.654 T:23117    info <general>: Saving settings
2026-01-27 03:30:39.672 T:23117    info <general>: Saving skin settings
2026-01-27 03:30:39.675 T:23117    info <general>: Stopping all
2026-01-27 03:30:39.676 T:23117    info <general>: ES: Stopping event server
2026-01-27 03:30:39.678 T:23117    info <general>: CWSDiscoveryListenerUDP::Stop - Stopped
2026-01-27 03:30:39.678 T:23117    info <general>: stopping zeroconf publishing
2026-01-27 03:30:40.168 T:23227    info <general>: ES: UDP Event server stopped
2026-01-27 03:30:40.171 T:23117    info <general>: Stopping zeroconf browser
2026-01-27 03:30:40.174 T:23117    info <general>: CServiceAddonManager: failed to stop inputstream.ffmpegdirect (may have ended)
2026-01-27 03:30:40.175 T:23117    info <general>: CServiceAddonManager: failed to stop service.xbmc.versioncheck (may have ended)
2026-01-27 03:30:40.409 T:23117    info <general>: Application stopped
2026-01-27 03:30:41.033 T:23117    info <general>: AddOnLog: peripheral.joystick: Disabling joystick interface "linux"
2026-01-27 03:30:41.034 T:23117    info <general>: ADDON: Dll Destroyed - Joystick Support
2026-01-27 03:30:41.035 T:23117    info <general>: ADDON: Dll Destroyed - X-Arcade Tankstick Driver
2026-01-27 03:30:41.035 T:23117    info <general>: unload skin
2026-01-27 03:30:41.067 T:23117    info <general>: Unloaded skin
2026-01-27 03:30:41.076 T:23117    info <general>: unload sections
2026-01-27 03:30:41.082 T:23117    info <general>: CWSDiscoveryListenerUDP::Stop - Stopped
2026-01-27 03:30:41.086 T:23117    info <general>: ADDON: Dll Destroyed - Archive support
2026-01-27 03:30:41.087 T:23117    info <general>: ADDON: Dll Destroyed - RAR archive support
2026-01-27 03:30:41.088 T:23117    info <general>: ADDON: Dll Destroyed - SFTP support
2026-01-27 03:30:41.294 T:23117    info <general>: Exiting the application...
